$ ansible-playbook -i "CZ2311004G,CZ2311004H" RHEL_WIN_unprovisioning.yml --ask-vault-password  

PLAY [Deleting provisioned compute module(s)] ***************************************************************************************************************************************************************************************************************************************************************

TASK [Gather subset facts on localhost] *********************************************************************************************************************************************************************************************************************************************************************
ok: [CZ2311004H -> localhost]
ok: [CZ2311004G -> localhost]

TASK [Capture the start time] *******************************************************************************************************************************************************************************************************************************************************************************
ok: [CZ2311004G]
ok: [CZ2311004H]

TASK [debug] ************************************************************************************************************************************************************************************************************************************************************************************************
ok: [CZ2311004G] => {
    "start_time": "2024-01-24T10:17:43Z"
}
ok: [CZ2311004H] => {
    "start_time": "2024-01-24T10:17:43Z"
}

TASK [Create HPE Compute Ops Management session] ************************************************************************************************************************************************************************************************************************************************************
ok: [CZ2311004G -> localhost]
ok: [CZ2311004H -> localhost]

TASK [Set variable access_token for the bearer token] *******************************************************************************************************************************************************************************************************************************************************
ok: [CZ2311004G]
ok: [CZ2311004H]

TASK [Capture resource API versions from the COM API reference] *********************************************************************************************************************************************************************************************************************************************
ok: [CZ2311004H -> localhost]
ok: [CZ2311004G -> localhost]

TASK [Set a variable for the COM API reference content] *****************************************************************************************************************************************************************************************************************************************************
ok: [CZ2311004G]
ok: [CZ2311004H]

TASK [Set a variable for items property of the COM API reference content] ***********************************************************************************************************************************************************************************************************************************
ok: [CZ2311004G]
ok: [CZ2311004H]

TASK [Set variables for each API version] *******************************************************************************************************************************************************************************************************************************************************************
ok: [CZ2311004G] => (item=Variable set: webhooks_API_version = v1beta1)
ok: [CZ2311004H] => (item=Variable set: webhooks_API_version = v1beta1)
ok: [CZ2311004G] => (item=Variable set: user_preferences_API_version = v1beta1)
ok: [CZ2311004H] => (item=Variable set: user_preferences_API_version = v1beta1)
ok: [CZ2311004G] => (item=Variable set: servers_API_version = v1beta2)
ok: [CZ2311004H] => (item=Variable set: servers_API_version = v1beta2)
ok: [CZ2311004G] => (item=Variable set: server_settings_API_version = v1beta1)
ok: [CZ2311004H] => (item=Variable set: server_settings_API_version = v1beta1)
ok: [CZ2311004G] => (item=Variable set: schedules_API_version = v1beta2)
ok: [CZ2311004H] => (item=Variable set: schedules_API_version = v1beta2)
ok: [CZ2311004G] => (item=Variable set: reports_API_version = v1beta1)
ok: [CZ2311004H] => (item=Variable set: reports_API_version = v1beta1)
ok: [CZ2311004G] => (item=Variable set: reports_API_version = v1beta2)
ok: [CZ2311004H] => (item=Variable set: reports_API_version = v1beta2)
ok: [CZ2311004G] => (item=Variable set: metrics_configurations_API_version = v1beta1)
ok: [CZ2311004H] => (item=Variable set: metrics_configurations_API_version = v1beta1)
ok: [CZ2311004G] => (item=Variable set: jobs_API_version = v1beta2)
ok: [CZ2311004H] => (item=Variable set: jobs_API_version = v1beta2)
ok: [CZ2311004G] => (item=Variable set: jobs_API_version = v1beta3)
ok: [CZ2311004H] => (item=Variable set: jobs_API_version = v1beta3)
ok: [CZ2311004G] => (item=Variable set: job_templates_API_version = v1beta2)
ok: [CZ2311004H] => (item=Variable set: job_templates_API_version = v1beta2)
ok: [CZ2311004G] => (item=Variable set: groups_API_version = v1beta2)
ok: [CZ2311004H] => (item=Variable set: groups_API_version = v1beta2)
ok: [CZ2311004G] => (item=Variable set: firmware_bundles_API_version = v1beta2)
ok: [CZ2311004H] => (item=Variable set: firmware_bundles_API_version = v1beta2)
ok: [CZ2311004G] => (item=Variable set: filters_API_version = v1beta1)
ok: [CZ2311004H] => (item=Variable set: filters_API_version = v1beta1)
ok: [CZ2311004G] => (item=Variable set: external_services_API_version = v1beta1)
ok: [CZ2311004H] => (item=Variable set: external_services_API_version = v1beta1)
ok: [CZ2311004G] => (item=Variable set: activities_API_version = v1beta2)
ok: [CZ2311004H] => (item=Variable set: activities_API_version = v1beta2)

TASK [Capture server 'CZ2311004G' information] **************************************************************************************************************************************************************************************************************************************************************
ok: [CZ2311004G -> localhost]
ok: [CZ2311004H -> localhost]

TASK [Exit if server 'CZ2311004G' does not exist] ***********************************************************************************************************************************************************************************************************************************************************
skipping: [CZ2311004G]
skipping: [CZ2311004H]

TASK [Capture server 'CZ2311004G' uri] **********************************************************************************************************************************************************************************************************************************************************************
ok: [CZ2311004G]
ok: [CZ2311004H]

TASK [debug] ************************************************************************************************************************************************************************************************************************************************************************************************
ok: [CZ2311004G] => {
    "server_uri": "/compute-ops-mgmt/v1beta2/servers/P28948-B21+CZ2311004G"
}
ok: [CZ2311004H] => {
    "server_uri": "/compute-ops-mgmt/v1beta2/servers/P28948-B21+CZ2311004H"
}

TASK [debug] ************************************************************************************************************************************************************************************************************************************************************************************************
ok: [CZ2311004G] => {
    "server_name": "WIN-2"
}
ok: [CZ2311004H] => {
    "server_name": "WIN-1"
}

TASK [Exit if server 'CZ2311004G' is not connected to COM] **************************************************************************************************************************************************************************************************************************************************
skipping: [CZ2311004G]
skipping: [CZ2311004H]

TASK [Capture server 'CZ2311004G' raw inventory information] ************************************************************************************************************************************************************************************************************************************************
ok: [CZ2311004G -> localhost]
ok: [CZ2311004H -> localhost]

TASK [Check if server 'CZ2311004G' is already member of a server group] *************************************************************************************************************************************************************************************************************************************
ok: [CZ2311004G -> localhost]
ok: [CZ2311004H -> localhost]

TASK [Capture the id of the server group of which the server 'CZ2311004G' is a member (if applicable)] ******************************************************************************************************************************************************************************************************
ok: [CZ2311004G]
ok: [CZ2311004H]

TASK [debug] ************************************************************************************************************************************************************************************************************************************************************************************************
ok: [CZ2311004G] => {
    "server_group_name_found": "WIN_group"
}
ok: [CZ2311004H] => {
    "server_group_name_found": "WIN_group"
}

TASK [Remove server 'CZ2311004G' from the server group of which it is currently a member] *******************************************************************************************************************************************************************************************************************
ok: [CZ2311004G -> localhost]
ok: [CZ2311004H -> localhost]

TASK [Wait for deletion to complete] ************************************************************************************************************************************************************************************************************************************************************************
Pausing for 15 seconds
(ctrl+C then 'C' = continue early, ctrl+C then 'A' = abort)
ok: [CZ2311004G]

TASK [Capture all job templates] ****************************************************************************************************************************************************************************************************************************************************************************
ok: [CZ2311004G -> localhost]
ok: [CZ2311004H -> localhost]

TASK [Capture jobTemplateUri of PowerOff.New] ***************************************************************************************************************************************************************************************************************************************************************
ok: [CZ2311004G]
ok: [CZ2311004H]

TASK [debug] ************************************************************************************************************************************************************************************************************************************************************************************************
ok: [CZ2311004G] => {
    "job_template_resourceuri": "/compute-ops-mgmt/v1beta2/job-templates/d0c13b58-748c-461f-9a61-c0c5c71f1bb4"
}
ok: [CZ2311004H] => {
    "job_template_resourceuri": "/compute-ops-mgmt/v1beta2/job-templates/d0c13b58-748c-461f-9a61-c0c5c71f1bb4"
}

TASK [Power off server 'CZ2311004G'] ************************************************************************************************************************************************************************************************************************************************************************
ok: [CZ2311004G -> localhost]
ok: [CZ2311004H -> localhost]

TASK [Extract hostname from FQDN 'WIN-2'] *******************************************************************************************************************************************************************************************************************************************************************
ok: [CZ2311004G]
ok: [CZ2311004H]

TASK [Remove 'WIN-2' SSH key from known_hosts file on Ansible control node] *********************************************************************************************************************************************************************************************************************************
ok: [CZ2311004G -> localhost]
ok: [CZ2311004H -> localhost]

TASK [Remove 'WIN-2' SSH key from known_hosts file on Ansible control node] *********************************************************************************************************************************************************************************************************************************
ok: [CZ2311004G -> localhost]
ok: [CZ2311004H -> localhost]

PLAY [Remove the DNS record from DNS server] ****************************************************************************************************************************************************************************************************************************************************************

TASK [Remove 'WIN-2' from 'dc.lj.lab'] **********************************************************************************************************************************************************************************************************************************************************************
changed: [CZ2311004H -> dc.lj.lab]
changed: [CZ2311004G -> dc.lj.lab]

PLAY RECAP **************************************************************************************************************************************************************************************************************************************************************************************************
CZ2311004G                 : ok=27   changed=1    unreachable=0    failed=0    skipped=2    rescued=0    ignored=0   
CZ2311004H                 : ok=26   changed=1    unreachable=0    failed=0    skipped=2    rescued=0    ignored=0   
